<?xml version="1.0" encoding="UTF-8"?>
<!-- Generated by org.testng.reporters.JUnitXMLReporter -->
<testsuite hostname="mvcc-PC" ignored="0" name="Default test" tests="28" failures="1" timestamp="27 Nov 2017 12:30:03 GMT" time="262.318" errors="0">
  <testcase name="Frame_Digi" time="0.235" classname="BatchExecution_Digi.Hybrid_Framework_DigiSurvey"/>
  <testcase name="Frame_Digi" time="0.228" classname="BatchExecution_Digi.Hybrid_Framework_DigiSurvey"/>
  <testcase name="Frame_Digi" time="0.132" classname="BatchExecution_Digi.Hybrid_Framework_DigiSurvey"/>
  <testcase name="Frame_Digi" time="0.112" classname="BatchExecution_Digi.Hybrid_Framework_DigiSurvey"/>
  <testcase name="Frame_Digi" time="0.107" classname="BatchExecution_Digi.Hybrid_Framework_DigiSurvey"/>
  <testcase name="Frame_Digi" time="0.103" classname="BatchExecution_Digi.Hybrid_Framework_DigiSurvey"/>
  <testcase name="Frame_Digi" time="0.093" classname="BatchExecution_Digi.Hybrid_Framework_DigiSurvey"/>
  <testcase name="Frame_Digi" time="0.107" classname="BatchExecution_Digi.Hybrid_Framework_DigiSurvey"/>
  <testcase name="Frame_Digi" time="0.096" classname="BatchExecution_Digi.Hybrid_Framework_DigiSurvey"/>
  <testcase name="Frame_Digi" time="0.093" classname="BatchExecution_Digi.Hybrid_Framework_DigiSurvey"/>
  <testcase name="Frame_Digi" time="0.094" classname="BatchExecution_Digi.Hybrid_Framework_DigiSurvey"/>
  <testcase name="Frame_Digi" time="0.095" classname="BatchExecution_Digi.Hybrid_Framework_DigiSurvey"/>
  <testcase name="Frame_Digi" time="0.077" classname="BatchExecution_Digi.Hybrid_Framework_DigiSurvey"/>
  <testcase name="Frame_Digi" time="0.073" classname="BatchExecution_Digi.Hybrid_Framework_DigiSurvey"/>
  <testcase name="Frame_Digi" time="0.079" classname="BatchExecution_Digi.Hybrid_Framework_DigiSurvey"/>
  <testcase name="Frame_Digi" time="0.075" classname="BatchExecution_Digi.Hybrid_Framework_DigiSurvey"/>
  <testcase name="Frame_Digi" time="0.074" classname="BatchExecution_Digi.Hybrid_Framework_DigiSurvey"/>
  <testcase name="Frame_Digi" time="0.069" classname="BatchExecution_Digi.Hybrid_Framework_DigiSurvey"/>
  <testcase name="Frame_Digi" time="0.073" classname="BatchExecution_Digi.Hybrid_Framework_DigiSurvey"/>
  <testcase name="Frame_Digi" time="0.063" classname="BatchExecution_Digi.Hybrid_Framework_DigiSurvey"/>
  <testcase name="Frame_Digi" time="0.068" classname="BatchExecution_Digi.Hybrid_Framework_DigiSurvey"/>
  <testcase name="Frame_Digi" time="0.082" classname="BatchExecution_Digi.Hybrid_Framework_DigiSurvey"/>
  <testcase name="Frame_Digi" time="0.069" classname="BatchExecution_Digi.Hybrid_Framework_DigiSurvey"/>
  <testcase name="Frame_Digi" time="0.059" classname="BatchExecution_Digi.Hybrid_Framework_DigiSurvey"/>
  <testcase name="Frame_Digi" time="0.072" classname="BatchExecution_Digi.Hybrid_Framework_DigiSurvey"/>
  <testcase name="Frame_Digi" time="250.602" classname="BatchExecution_Digi.Hybrid_Framework_DigiSurvey">
    <failure type="atu.testng.reports.exceptions.ATUReporterStepFailedException">
      <![CDATA[[ATU Custom Reporter Step Failed Exception]
	at atu.testng.reports.ATUReports.stepFailureHandler(Unknown Source)
	at atu.testng.reports.ATUReports.add(Unknown Source)
	at FunctionalLibraries_Digi.Functional_Libraries.reportstep(Functional_Libraries.java:856)
	at FunctionalLibraries_Digi.Functional_Libraries.elementDisplayed(Functional_Libraries.java:595)
	at Businessfunctions_Digi.Functional_Cases_propread.CompanyLogout(Functional_Cases_propread.java:4339)
	at BatchExecution_Digi.Hybrid_Framework_DigiSurvey.Frame_Digi(Hybrid_Framework_DigiSurvey.java:2608)
	at sun.reflect.GeneratedMethodAccessor3.invoke(Unknown Source)
	at sun.reflect.DelegatingMethodAccessorImpl.invoke(Unknown Source)
	at java.lang.reflect.Method.invoke(Unknown Source)
	at org.testng.internal.MethodInvocationHelper.invokeMethod(MethodInvocationHelper.java:108)
	at org.testng.internal.Invoker.invokeMethod(Invoker.java:669)
	at org.testng.internal.Invoker.invokeTestMethod(Invoker.java:877)
	at org.testng.internal.Invoker.invokeTestMethods(Invoker.java:1201)
	at org.testng.internal.TestMethodWorker.invokeTestMethods(TestMethodWorker.java:125)
	at org.testng.internal.TestMethodWorker.run(TestMethodWorker.java:109)
	at org.testng.TestRunner.privateRun(TestRunner.java:776)
	at org.testng.TestRunner.run(TestRunner.java:634)
	at org.testng.SuiteRunner.runTest(SuiteRunner.java:425)
	at org.testng.SuiteRunner.runSequentially(SuiteRunner.java:420)
	at org.testng.SuiteRunner.privateRun(SuiteRunner.java:385)
	at org.testng.SuiteRunner.run(SuiteRunner.java:334)
	at org.testng.SuiteRunnerWorker.runSuite(SuiteRunnerWorker.java:52)
	at org.testng.SuiteRunnerWorker.run(SuiteRunnerWorker.java:86)
	at org.testng.TestNG.runSuitesSequentially(TestNG.java:1318)
	at org.testng.TestNG.runSuitesLocally(TestNG.java:1243)
	at org.testng.TestNG.runSuites(TestNG.java:1161)
	at org.testng.TestNG.run(TestNG.java:1129)
	at org.testng.remote.AbstractRemoteTestNG.run(AbstractRemoteTestNG.java:114)
	at org.testng.remote.RemoteTestNG.initAndRun(RemoteTestNG.java:251)
	at org.testng.remote.RemoteTestNG.main(RemoteTestNG.java:77)
]]>
    </failure>
  </testcase> <!-- Frame_Digi -->
  <testcase name="Frame_Digi" time="0.055" classname="BatchExecution_Digi.Hybrid_Framework_DigiSurvey"/>
  <testcase name="Frame_Digi" time="0.055" classname="BatchExecution_Digi.Hybrid_Framework_DigiSurvey"/>
</testsuite> <!-- Default test -->
