<?xml version="1.0" encoding="UTF-8"?>
<!-- Generated by org.testng.reporters.JUnitXMLReporter -->
<testsuite hostname="mvcc-PC" ignored="0" name="Default test" tests="10" failures="0" timestamp="16 Oct 2017 04:41:46 GMT" time="364.27" errors="0">
  <testcase name="Frame_Digi" time="0.16" classname="BatchExecution_Digi.Hybrid_Framework_DigiSurvey"/>
  <testcase name="Frame_Digi" time="0.14" classname="BatchExecution_Digi.Hybrid_Framework_DigiSurvey"/>
  <testcase name="Frame_Digi" time="0.192" classname="BatchExecution_Digi.Hybrid_Framework_DigiSurvey"/>
  <testcase name="Frame_Digi" time="353.184" classname="BatchExecution_Digi.Hybrid_Framework_DigiSurvey"/>
  <testcase name="Frame_Digi" time="0.04" classname="BatchExecution_Digi.Hybrid_Framework_DigiSurvey"/>
  <testcase name="Frame_Digi" time="0.042" classname="BatchExecution_Digi.Hybrid_Framework_DigiSurvey"/>
  <testcase name="Frame_Digi" time="0.041" classname="BatchExecution_Digi.Hybrid_Framework_DigiSurvey"/>
  <testcase name="Frame_Digi" time="0.028" classname="BatchExecution_Digi.Hybrid_Framework_DigiSurvey"/>
  <testcase name="Frame_Digi" time="0.033" classname="BatchExecution_Digi.Hybrid_Framework_DigiSurvey"/>
  <testcase name="Frame_Digi" time="0.041" classname="BatchExecution_Digi.Hybrid_Framework_DigiSurvey"/>
</testsuite> <!-- Default test -->
