<?xml version="1.0" encoding="UTF-8"?>
<testng-results skipped="4" failed="2" ignored="0" total="41" passed="35">
  <reporter-output>
    <line>
      <![CDATA[STEP1]]>
    </line>
    <line>
      <![CDATA[STEP2]]>
    </line>
    <line>
      <![CDATA[STEP3]]>
    </line>
    <line>
      <![CDATA[STEP4]]>
    </line>
    <line>
      <![CDATA[STEP5]]>
    </line>
    <line>
      <![CDATA[STEP6]]>
    </line>
    <line>
      <![CDATA[STEP7]]>
    </line>
    <line>
      <![CDATA[STEP8]]>
    </line>
    <line>
      <![CDATA[STEP9]]>
    </line>
    <line>
      <![CDATA[STEP10]]>
    </line>
    <line>
      <![CDATA[STEP11]]>
    </line>
    <line>
      <![CDATA[STEP12]]>
    </line>
    <line>
      <![CDATA[STEP13]]>
    </line>
    <line>
      <![CDATA[STEP14]]>
    </line>
    <line>
      <![CDATA[STEP15]]>
    </line>
    <line>
      <![CDATA[STEP16]]>
    </line>
    <line>
      <![CDATA[STEP17]]>
    </line>
    <line>
      <![CDATA[STEP18]]>
    </line>
    <line>
      <![CDATA[STEP19]]>
    </line>
    <line>
      <![CDATA[STEP20]]>
    </line>
    <line>
      <![CDATA[STEP21]]>
    </line>
    <line>
      <![CDATA[STEP22]]>
    </line>
    <line>
      <![CDATA[STEP23]]>
    </line>
    <line>
      <![CDATA[STEP24]]>
    </line>
    <line>
      <![CDATA[STEP25]]>
    </line>
    <line>
      <![CDATA[STEP26]]>
    </line>
    <line>
      <![CDATA[STEP27]]>
    </line>
    <line>
      <![CDATA[STEP28]]>
    </line>
    <line>
      <![CDATA[STEP29]]>
    </line>
    <line>
      <![CDATA[STEP30]]>
    </line>
    <line>
      <![CDATA[STEP31]]>
    </line>
    <line>
      <![CDATA[STEP32]]>
    </line>
    <line>
      <![CDATA[STEP33]]>
    </line>
    <line>
      <![CDATA[STEP34]]>
    </line>
    <line>
      <![CDATA[STEP35]]>
    </line>
    <line>
      <![CDATA[STEP36]]>
    </line>
    <line>
      <![CDATA[STEP37]]>
    </line>
    <line>
      <![CDATA[STEP38]]>
    </line>
    <line>
      <![CDATA[STEP39]]>
    </line>
    <line>
      <![CDATA[STEP40]]>
    </line>
    <line>
      <![CDATA[STEP41]]>
    </line>
    <line>
      <![CDATA[STEP42]]>
    </line>
    <line>
      <![CDATA[STEP43]]>
    </line>
    <line>
      <![CDATA[STEP44]]>
    </line>
    <line>
      <![CDATA[STEP45]]>
    </line>
  </reporter-output>
  <suite name="Default suite" duration-ms="104497" started-at="2018-02-20T10:17:42Z" finished-at="2018-02-20T10:19:27Z">
    <groups>
    </groups>
    <test name="Default test" duration-ms="104497" started-at="2018-02-20T10:17:42Z" finished-at="2018-02-20T10:19:27Z">
      <class name="BatchExecution_Digi.Hybrid">
        <test-method status="PASS" signature="Setup()[pri:0, instance:BatchExecution_Digi.Hybrid@6500df86]" name="Setup" is-config="true" duration-ms="2774" started-at="2018-02-20T15:47:42Z" finished-at="2018-02-20T15:47:45Z">
          <reporter-output>
          </reporter-output>
        </test-method> <!-- Setup -->
        <test-method status="PASS" signature="AdminLogin_CreatingUsers_AdminLogout(java.lang.String, java.lang.String, java.lang.String, java.lang.String, java.lang.String, java.lang.String, java.lang.String, java.lang.String, java.lang.String, java.lang.String, java.lang.String, java.lang.String, java.lang.String, java.lang.String, java.lang.String, java.lang.String, java.lang.String, java.lang.String, java.lang.String, java.lang.String, java.lang.String, java.lang.String, java.lang.String, java.lang.String, java.lang.String, java.lang.String, java.lang.String, java.lang.String, java.lang.String, java.lang.String, java.lang.String, java.lang.String, java.lang.String, java.lang.String, java.lang.String, java.lang.String, java.lang.String, java.lang.String, java.lang.String, java.lang.String, java.lang.String, java.lang.String)[pri:1, instance:BatchExecution_Digi.Hybrid@6500df86]" name="AdminLogin_CreatingUsers_AdminLogout" duration-ms="502" started-at="2018-02-20T15:47:46Z" data-provider="custData" finished-at="2018-02-20T15:47:47Z">
          <params>
            <param index="0">
              <value>
                <![CDATA[N]]>
              </value>
            </param>
            <param index="1">
              <value>
                <![CDATA[Admin Login, Creating Users, Logout Admin]]>
              </value>
            </param>
            <param index="2">
              <value>
                <![CDATA[]]>
              </value>
            </param>
            <param index="3">
              <value>
                <![CDATA[]]>
              </value>
            </param>
            <param index="4">
              <value>
                <![CDATA[]]>
              </value>
            </param>
            <param index="5">
              <value>
                <![CDATA[]]>
              </value>
            </param>
            <param index="6">
              <value>
                <![CDATA[]]>
              </value>
            </param>
            <param index="7">
              <value>
                <![CDATA[]]>
              </value>
            </param>
            <param index="8">
              <value>
                <![CDATA[]]>
              </value>
            </param>
            <param index="9">
              <value>
                <![CDATA[]]>
              </value>
            </param>
            <param index="10">
              <value>
                <![CDATA[]]>
              </value>
            </param>
            <param index="11">
              <value>
                <![CDATA[]]>
              </value>
            </param>
            <param index="12">
              <value>
                <![CDATA[]]>
              </value>
            </param>
            <param index="13">
              <value>
                <![CDATA[]]>
              </value>
            </param>
            <param index="14">
              <value>
                <![CDATA[]]>
              </value>
            </param>
            <param index="15">
              <value>
                <![CDATA[]]>
              </value>
            </param>
            <param index="16">
              <value>
                <![CDATA[]]>
              </value>
            </param>
            <param index="17">
              <value>
                <![CDATA[]]>
              </value>
            </param>
            <param index="18">
              <value>
                <![CDATA[]]>
              </value>
            </param>
            <param index="19">
              <value>
                <![CDATA[]]>
              </value>
            </param>
            <param index="20">
              <value>
                <![CDATA[]]>
              </value>
            </param>
            <param index="21">
              <value>
                <![CDATA[]]>
              </value>
            </param>
            <param index="22">
              <value>
                <![CDATA[]]>
              </value>
            </param>
            <param index="23">
              <value>
                <![CDATA[]]>
              </value>
            </param>
            <param index="24">
              <value>
                <![CDATA[]]>
              </value>
            </param>
            <param index="25">
              <value>
                <![CDATA[]]>
              </value>
            </param>
            <param index="26">
              <value>
                <![CDATA[Login_TD14]]>
              </value>
            </param>
            <param index="27">
              <value>
                <![CDATA[AdminOut_001]]>
              </value>
            </param>
            <param index="28">
              <value>
                <![CDATA[Adm_Usr_001]]>
              </value>
            </param>
            <param index="29">
              <value>
                <![CDATA[]]>
              </value>
            </param>
            <param index="30">
              <value>
                <![CDATA[]]>
              </value>
            </param>
            <param index="31">
              <value>
                <![CDATA[]]>
              </value>
            </param>
            <param index="32">
              <value>
                <![CDATA[]]>
              </value>
            </param>
            <param index="33">
              <value>
                <![CDATA[]]>
              </value>
            </param>
            <param index="34">
              <value>
                <![CDATA[]]>
              </value>
            </param>
            <param index="35">
              <value>
                <![CDATA[]]>
              </value>
            </param>
            <param index="36">
              <value>
                <![CDATA[]]>
              </value>
            </param>
            <param index="37">
              <value>
                <![CDATA[]]>
              </value>
            </param>
            <param index="38">
              <value>
                <![CDATA[]]>
              </value>
            </param>
            <param index="39">
              <value>
                <![CDATA[]]>
              </value>
            </param>
            <param index="40">
              <value>
                <![CDATA[]]>
              </value>
            </param>
            <param index="41">
              <value>
                <![CDATA[]]>
              </value>
            </param>
          </params>
          <reporter-output>
            <line>
              <![CDATA[STEP1]]>
            </line>
          </reporter-output>
        </test-method> <!-- AdminLogin_CreatingUsers_AdminLogout -->
        <test-method status="PASS" signature="Company_Profiles(java.lang.String, java.lang.String, java.lang.String, java.lang.String, java.lang.String, java.lang.String, java.lang.String, java.lang.String, java.lang.String, java.lang.String, java.lang.String, java.lang.String, java.lang.String, java.lang.String, java.lang.String, java.lang.String, java.lang.String, java.lang.String, java.lang.String, java.lang.String, java.lang.String, java.lang.String, java.lang.String, java.lang.String, java.lang.String, java.lang.String, java.lang.String, java.lang.String, java.lang.String, java.lang.String, java.lang.String, java.lang.String, java.lang.String, java.lang.String, java.lang.String, java.lang.String, java.lang.String, java.lang.String, java.lang.String, java.lang.String, java.lang.String, java.lang.String)[pri:2, instance:BatchExecution_Digi.Hybrid@6500df86]" name="Company_Profiles" duration-ms="248" started-at="2018-02-20T15:47:47Z" data-provider="custData2" finished-at="2018-02-20T15:47:47Z">
          <params>
            <param index="0">
              <value>
                <![CDATA[N]]>
              </value>
            </param>
            <param index="1">
              <value>
                <![CDATA[Creating Users ,Company profile filling and My Profile Fill]]>
              </value>
            </param>
            <param index="2">
              <value>
                <![CDATA[Login_TD15]]>
              </value>
            </param>
            <param index="3">
              <value>
                <![CDATA[]]>
              </value>
            </param>
            <param index="4">
              <value>
                <![CDATA[]]>
              </value>
            </param>
            <param index="5">
              <value>
                <![CDATA[]]>
              </value>
            </param>
            <param index="6">
              <value>
                <![CDATA[]]>
              </value>
            </param>
            <param index="7">
              <value>
                <![CDATA[]]>
              </value>
            </param>
            <param index="8">
              <value>
                <![CDATA[Add_User006]]>
              </value>
            </param>
            <param index="9">
              <value>
                <![CDATA[]]>
              </value>
            </param>
            <param index="10">
              <value>
                <![CDATA[]]>
              </value>
            </param>
            <param index="11">
              <value>
                <![CDATA[]]>
              </value>
            </param>
            <param index="12">
              <value>
                <![CDATA[Logout]]>
              </value>
            </param>
            <param index="13">
              <value>
                <![CDATA[]]>
              </value>
            </param>
            <param index="14">
              <value>
                <![CDATA[]]>
              </value>
            </param>
            <param index="15">
              <value>
                <![CDATA[]]>
              </value>
            </param>
            <param index="16">
              <value>
                <![CDATA[]]>
              </value>
            </param>
            <param index="17">
              <value>
                <![CDATA[]]>
              </value>
            </param>
            <param index="18">
              <value>
                <![CDATA[]]>
              </value>
            </param>
            <param index="19">
              <value>
                <![CDATA[]]>
              </value>
            </param>
            <param index="20">
              <value>
                <![CDATA[]]>
              </value>
            </param>
            <param index="21">
              <value>
                <![CDATA[]]>
              </value>
            </param>
            <param index="22">
              <value>
                <![CDATA[CPROF_TD1]]>
              </value>
            </param>
            <param index="23">
              <value>
                <![CDATA[MyProfile_001]]>
              </value>
            </param>
            <param index="24">
              <value>
                <![CDATA[]]>
              </value>
            </param>
            <param index="25">
              <value>
                <![CDATA[]]>
              </value>
            </param>
            <param index="26">
              <value>
                <![CDATA[]]>
              </value>
            </param>
            <param index="27">
              <value>
                <![CDATA[]]>
              </value>
            </param>
            <param index="28">
              <value>
                <![CDATA[]]>
              </value>
            </param>
            <param index="29">
              <value>
                <![CDATA[]]>
              </value>
            </param>
            <param index="30">
              <value>
                <![CDATA[]]>
              </value>
            </param>
            <param index="31">
              <value>
                <![CDATA[]]>
              </value>
            </param>
            <param index="32">
              <value>
                <![CDATA[]]>
              </value>
            </param>
            <param index="33">
              <value>
                <![CDATA[]]>
              </value>
            </param>
            <param index="34">
              <value>
                <![CDATA[]]>
              </value>
            </param>
            <param index="35">
              <value>
                <![CDATA[]]>
              </value>
            </param>
            <param index="36">
              <value>
                <![CDATA[]]>
              </value>
            </param>
            <param index="37">
              <value>
                <![CDATA[]]>
              </value>
            </param>
            <param index="38">
              <value>
                <![CDATA[]]>
              </value>
            </param>
            <param index="39">
              <value>
                <![CDATA[]]>
              </value>
            </param>
            <param index="40">
              <value>
                <![CDATA[]]>
              </value>
            </param>
            <param index="41">
              <value>
                <![CDATA[]]>
              </value>
            </param>
          </params>
          <reporter-output>
            <line>
              <![CDATA[STEP2]]>
            </line>
            <line>
              <![CDATA[STEP3]]>
            </line>
          </reporter-output>
        </test-method> <!-- Company_Profiles -->
        <test-method status="PASS" signature="SurveyFlow(java.lang.String, java.lang.String, java.lang.String, java.lang.String, java.lang.String, java.lang.String, java.lang.String, java.lang.String, java.lang.String, java.lang.String, java.lang.String, java.lang.String, java.lang.String, java.lang.String, java.lang.String, java.lang.String, java.lang.String, java.lang.String, java.lang.String, java.lang.String, java.lang.String, java.lang.String, java.lang.String, java.lang.String, java.lang.String, java.lang.String, java.lang.String, java.lang.String, java.lang.String, java.lang.String, java.lang.String, java.lang.String, java.lang.String, java.lang.String, java.lang.String, java.lang.String, java.lang.String, java.lang.String, java.lang.String, java.lang.String, java.lang.String, java.lang.String)[pri:3, instance:BatchExecution_Digi.Hybrid@6500df86]" name="SurveyFlow" duration-ms="200" started-at="2018-02-20T15:47:47Z" data-provider="custData3" finished-at="2018-02-20T15:47:48Z">
          <params>
            <param index="0">
              <value>
                <![CDATA[N]]>
              </value>
            </param>
            <param index="1">
              <value>
                <![CDATA[Create, Update, share , End user Response fill, and response View of Survey]]>
              </value>
            </param>
            <param index="2">
              <value>
                <![CDATA[Login_TD15]]>
              </value>
            </param>
            <param index="3">
              <value>
                <![CDATA[Create_Survy_006]]>
              </value>
            </param>
            <param index="4">
              <value>
                <![CDATA[Upd_Sur006]]>
              </value>
            </param>
            <param index="5">
              <value>
                <![CDATA[Share_006]]>
              </value>
            </param>
            <param index="6">
              <value>
                <![CDATA[End_User006]]>
              </value>
            </param>
            <param index="7">
              <value>
                <![CDATA[Response_006]]>
              </value>
            </param>
            <param index="8">
              <value>
                <![CDATA[]]>
              </value>
            </param>
            <param index="9">
              <value>
                <![CDATA[]]>
              </value>
            </param>
            <param index="10">
              <value>
                <![CDATA[]]>
              </value>
            </param>
            <param index="11">
              <value>
                <![CDATA[]]>
              </value>
            </param>
            <param index="12">
              <value>
                <![CDATA[Logout]]>
              </value>
            </param>
            <param index="13">
              <value>
                <![CDATA[]]>
              </value>
            </param>
            <param index="14">
              <value>
                <![CDATA[]]>
              </value>
            </param>
            <param index="15">
              <value>
                <![CDATA[]]>
              </value>
            </param>
            <param index="16">
              <value>
                <![CDATA[]]>
              </value>
            </param>
            <param index="17">
              <value>
                <![CDATA[]]>
              </value>
            </param>
            <param index="18">
              <value>
                <![CDATA[]]>
              </value>
            </param>
            <param index="19">
              <value>
                <![CDATA[]]>
              </value>
            </param>
            <param index="20">
              <value>
                <![CDATA[]]>
              </value>
            </param>
            <param index="21">
              <value>
                <![CDATA[]]>
              </value>
            </param>
            <param index="22">
              <value>
                <![CDATA[]]>
              </value>
            </param>
            <param index="23">
              <value>
                <![CDATA[]]>
              </value>
            </param>
            <param index="24">
              <value>
                <![CDATA[]]>
              </value>
            </param>
            <param index="25">
              <value>
                <![CDATA[]]>
              </value>
            </param>
            <param index="26">
              <value>
                <![CDATA[]]>
              </value>
            </param>
            <param index="27">
              <value>
                <![CDATA[]]>
              </value>
            </param>
            <param index="28">
              <value>
                <![CDATA[]]>
              </value>
            </param>
            <param index="29">
              <value>
                <![CDATA[]]>
              </value>
            </param>
            <param index="30">
              <value>
                <![CDATA[]]>
              </value>
            </param>
            <param index="31">
              <value>
                <![CDATA[]]>
              </value>
            </param>
            <param index="32">
              <value>
                <![CDATA[]]>
              </value>
            </param>
            <param index="33">
              <value>
                <![CDATA[]]>
              </value>
            </param>
            <param index="34">
              <value>
                <![CDATA[]]>
              </value>
            </param>
            <param index="35">
              <value>
                <![CDATA[]]>
              </value>
            </param>
            <param index="36">
              <value>
                <![CDATA[]]>
              </value>
            </param>
            <param index="37">
              <value>
                <![CDATA[]]>
              </value>
            </param>
            <param index="38">
              <value>
                <![CDATA[]]>
              </value>
            </param>
            <param index="39">
              <value>
                <![CDATA[]]>
              </value>
            </param>
            <param index="40">
              <value>
                <![CDATA[]]>
              </value>
            </param>
            <param index="41">
              <value>
                <![CDATA[]]>
              </value>
            </param>
          </params>
          <reporter-output>
            <line>
              <![CDATA[STEP4]]>
            </line>
          </reporter-output>
        </test-method> <!-- SurveyFlow -->
        <test-method status="PASS" signature="Create_Survey(java.lang.String, java.lang.String, java.lang.String, java.lang.String, java.lang.String, java.lang.String, java.lang.String, java.lang.String, java.lang.String, java.lang.String, java.lang.String, java.lang.String, java.lang.String, java.lang.String, java.lang.String, java.lang.String, java.lang.String, java.lang.String, java.lang.String, java.lang.String, java.lang.String, java.lang.String, java.lang.String, java.lang.String, java.lang.String, java.lang.String, java.lang.String, java.lang.String, java.lang.String, java.lang.String, java.lang.String, java.lang.String, java.lang.String, java.lang.String, java.lang.String, java.lang.String, java.lang.String, java.lang.String, java.lang.String, java.lang.String, java.lang.String, java.lang.String)[pri:4, instance:BatchExecution_Digi.Hybrid@6500df86]" name="Create_Survey" duration-ms="170" started-at="2018-02-20T15:47:48Z" data-provider="custData4" finished-at="2018-02-20T15:47:48Z">
          <params>
            <param index="0">
              <value>
                <![CDATA[N]]>
              </value>
            </param>
            <param index="1">
              <value>
                <![CDATA[Creating Survey]]>
              </value>
            </param>
            <param index="2">
              <value>
                <![CDATA[Login_TD10]]>
              </value>
            </param>
            <param index="3">
              <value>
                <![CDATA[Create_Survy_005]]>
              </value>
            </param>
            <param index="4">
              <value>
                <![CDATA[]]>
              </value>
            </param>
            <param index="5">
              <value>
                <![CDATA[]]>
              </value>
            </param>
            <param index="6">
              <value>
                <![CDATA[]]>
              </value>
            </param>
            <param index="7">
              <value>
                <![CDATA[]]>
              </value>
            </param>
            <param index="8">
              <value>
                <![CDATA[]]>
              </value>
            </param>
            <param index="9">
              <value>
                <![CDATA[]]>
              </value>
            </param>
            <param index="10">
              <value>
                <![CDATA[]]>
              </value>
            </param>
            <param index="11">
              <value>
                <![CDATA[]]>
              </value>
            </param>
            <param index="12">
              <value>
                <![CDATA[Logout]]>
              </value>
            </param>
            <param index="13">
              <value>
                <![CDATA[]]>
              </value>
            </param>
            <param index="14">
              <value>
                <![CDATA[]]>
              </value>
            </param>
            <param index="15">
              <value>
                <![CDATA[]]>
              </value>
            </param>
            <param index="16">
              <value>
                <![CDATA[]]>
              </value>
            </param>
            <param index="17">
              <value>
                <![CDATA[]]>
              </value>
            </param>
            <param index="18">
              <value>
                <![CDATA[]]>
              </value>
            </param>
            <param index="19">
              <value>
                <![CDATA[]]>
              </value>
            </param>
            <param index="20">
              <value>
                <![CDATA[]]>
              </value>
            </param>
            <param index="21">
              <value>
                <![CDATA[]]>
              </value>
            </param>
            <param index="22">
              <value>
                <![CDATA[]]>
              </value>
            </param>
            <param index="23">
              <value>
                <![CDATA[]]>
              </value>
            </param>
            <param index="24">
              <value>
                <![CDATA[]]>
              </value>
            </param>
            <param index="25">
              <value>
                <![CDATA[]]>
              </value>
            </param>
            <param index="26">
              <value>
                <![CDATA[]]>
              </value>
            </param>
            <param index="27">
              <value>
                <![CDATA[]]>
              </value>
            </param>
            <param index="28">
              <value>
                <![CDATA[]]>
              </value>
            </param>
            <param index="29">
              <value>
                <![CDATA[]]>
              </value>
            </param>
            <param index="30">
              <value>
                <![CDATA[]]>
              </value>
            </param>
            <param index="31">
              <value>
                <![CDATA[]]>
              </value>
            </param>
            <param index="32">
              <value>
                <![CDATA[]]>
              </value>
            </param>
            <param index="33">
              <value>
                <![CDATA[]]>
              </value>
            </param>
            <param index="34">
              <value>
                <![CDATA[]]>
              </value>
            </param>
            <param index="35">
              <value>
                <![CDATA[]]>
              </value>
            </param>
            <param index="36">
              <value>
                <![CDATA[]]>
              </value>
            </param>
            <param index="37">
              <value>
                <![CDATA[]]>
              </value>
            </param>
            <param index="38">
              <value>
                <![CDATA[]]>
              </value>
            </param>
            <param index="39">
              <value>
                <![CDATA[]]>
              </value>
            </param>
            <param index="40">
              <value>
                <![CDATA[]]>
              </value>
            </param>
            <param index="41">
              <value>
                <![CDATA[]]>
              </value>
            </param>
          </params>
          <reporter-output>
            <line>
              <![CDATA[STEP5]]>
            </line>
          </reporter-output>
        </test-method> <!-- Create_Survey -->
        <test-method status="PASS" signature="Update_Survey(java.lang.String, java.lang.String, java.lang.String, java.lang.String, java.lang.String, java.lang.String, java.lang.String, java.lang.String, java.lang.String, java.lang.String, java.lang.String, java.lang.String, java.lang.String, java.lang.String, java.lang.String, java.lang.String, java.lang.String, java.lang.String, java.lang.String, java.lang.String, java.lang.String, java.lang.String, java.lang.String, java.lang.String, java.lang.String, java.lang.String, java.lang.String, java.lang.String, java.lang.String, java.lang.String, java.lang.String, java.lang.String, java.lang.String, java.lang.String, java.lang.String, java.lang.String, java.lang.String, java.lang.String, java.lang.String, java.lang.String, java.lang.String, java.lang.String)[pri:5, instance:BatchExecution_Digi.Hybrid@6500df86]" name="Update_Survey" duration-ms="150" started-at="2018-02-20T15:47:48Z" data-provider="custData5" finished-at="2018-02-20T15:47:48Z">
          <params>
            <param index="0">
              <value>
                <![CDATA[N]]>
              </value>
            </param>
            <param index="1">
              <value>
                <![CDATA[Update Survey]]>
              </value>
            </param>
            <param index="2">
              <value>
                <![CDATA[Login_TD10]]>
              </value>
            </param>
            <param index="3">
              <value>
                <![CDATA[]]>
              </value>
            </param>
            <param index="4">
              <value>
                <![CDATA[Upd_Sur005]]>
              </value>
            </param>
            <param index="5">
              <value>
                <![CDATA[]]>
              </value>
            </param>
            <param index="6">
              <value>
                <![CDATA[]]>
              </value>
            </param>
            <param index="7">
              <value>
                <![CDATA[]]>
              </value>
            </param>
            <param index="8">
              <value>
                <![CDATA[]]>
              </value>
            </param>
            <param index="9">
              <value>
                <![CDATA[]]>
              </value>
            </param>
            <param index="10">
              <value>
                <![CDATA[]]>
              </value>
            </param>
            <param index="11">
              <value>
                <![CDATA[]]>
              </value>
            </param>
            <param index="12">
              <value>
                <![CDATA[Logout]]>
              </value>
            </param>
            <param index="13">
              <value>
                <![CDATA[]]>
              </value>
            </param>
            <param index="14">
              <value>
                <![CDATA[]]>
              </value>
            </param>
            <param index="15">
              <value>
                <![CDATA[]]>
              </value>
            </param>
            <param index="16">
              <value>
                <![CDATA[]]>
              </value>
            </param>
            <param index="17">
              <value>
                <![CDATA[]]>
              </value>
            </param>
            <param index="18">
              <value>
                <![CDATA[]]>
              </value>
            </param>
            <param index="19">
              <value>
                <![CDATA[]]>
              </value>
            </param>
            <param index="20">
              <value>
                <![CDATA[]]>
              </value>
            </param>
            <param index="21">
              <value>
                <![CDATA[]]>
              </value>
            </param>
            <param index="22">
              <value>
                <![CDATA[]]>
              </value>
            </param>
            <param index="23">
              <value>
                <![CDATA[]]>
              </value>
            </param>
            <param index="24">
              <value>
                <![CDATA[]]>
              </value>
            </param>
            <param index="25">
              <value>
                <![CDATA[]]>
              </value>
            </param>
            <param index="26">
              <value>
                <![CDATA[]]>
              </value>
            </param>
            <param index="27">
              <value>
                <![CDATA[]]>
              </value>
            </param>
            <param index="28">
              <value>
                <![CDATA[]]>
              </value>
            </param>
            <param index="29">
              <value>
                <![CDATA[]]>
              </value>
            </param>
            <param index="30">
              <value>
                <![CDATA[]]>
              </value>
            </param>
            <param index="31">
              <value>
                <![CDATA[]]>
              </value>
            </param>
            <param index="32">
              <value>
                <![CDATA[]]>
              </value>
            </param>
            <param index="33">
              <value>
                <![CDATA[]]>
              </value>
            </param>
            <param index="34">
              <value>
                <![CDATA[]]>
              </value>
            </param>
            <param index="35">
              <value>
                <![CDATA[]]>
              </value>
            </param>
            <param index="36">
              <value>
                <![CDATA[]]>
              </value>
            </param>
            <param index="37">
              <value>
                <![CDATA[]]>
              </value>
            </param>
            <param index="38">
              <value>
                <![CDATA[]]>
              </value>
            </param>
            <param index="39">
              <value>
                <![CDATA[]]>
              </value>
            </param>
            <param index="40">
              <value>
                <![CDATA[]]>
              </value>
            </param>
            <param index="41">
              <value>
                <![CDATA[]]>
              </value>
            </param>
          </params>
          <reporter-output>
            <line>
              <![CDATA[STEP6]]>
            </line>
          </reporter-output>
        </test-method> <!-- Update_Survey -->
        <test-method status="PASS" signature="EndUser_SurveyResponse(java.lang.String, java.lang.String, java.lang.String, java.lang.String, java.lang.String, java.lang.String, java.lang.String, java.lang.String, java.lang.String, java.lang.String, java.lang.String, java.lang.String, java.lang.String, java.lang.String, java.lang.String, java.lang.String, java.lang.String, java.lang.String, java.lang.String, java.lang.String, java.lang.String, java.lang.String, java.lang.String, java.lang.String, java.lang.String, java.lang.String, java.lang.String, java.lang.String, java.lang.String, java.lang.String, java.lang.String, java.lang.String, java.lang.String, java.lang.String, java.lang.String, java.lang.String, java.lang.String, java.lang.String, java.lang.String, java.lang.String, java.lang.String, java.lang.String)[pri:7, instance:BatchExecution_Digi.Hybrid@6500df86]" name="EndUser_SurveyResponse" duration-ms="154" started-at="2018-02-20T15:47:49Z" data-provider="custData7" finished-at="2018-02-20T15:47:49Z">
          <params>
            <param index="0">
              <value>
                <![CDATA[N]]>
              </value>
            </param>
            <param index="1">
              <value>
                <![CDATA[Share & Enduser SurveyResponse]]>
              </value>
            </param>
            <param index="2">
              <value>
                <![CDATA[Login_TD10]]>
              </value>
            </param>
            <param index="3">
              <value>
                <![CDATA[]]>
              </value>
            </param>
            <param index="4">
              <value>
                <![CDATA[]]>
              </value>
            </param>
            <param index="5">
              <value>
                <![CDATA[Share_005]]>
              </value>
            </param>
            <param index="6">
              <value>
                <![CDATA[End_User005a]]>
              </value>
            </param>
            <param index="7">
              <value>
                <![CDATA[]]>
              </value>
            </param>
            <param index="8">
              <value>
                <![CDATA[]]>
              </value>
            </param>
            <param index="9">
              <value>
                <![CDATA[]]>
              </value>
            </param>
            <param index="10">
              <value>
                <![CDATA[]]>
              </value>
            </param>
            <param index="11">
              <value>
                <![CDATA[]]>
              </value>
            </param>
            <param index="12">
              <value>
                <![CDATA[Logout]]>
              </value>
            </param>
            <param index="13">
              <value>
                <![CDATA[]]>
              </value>
            </param>
            <param index="14">
              <value>
                <![CDATA[]]>
              </value>
            </param>
            <param index="15">
              <value>
                <![CDATA[]]>
              </value>
            </param>
            <param index="16">
              <value>
                <![CDATA[]]>
              </value>
            </param>
            <param index="17">
              <value>
                <![CDATA[]]>
              </value>
            </param>
            <param index="18">
              <value>
                <![CDATA[]]>
              </value>
            </param>
            <param index="19">
              <value>
                <![CDATA[]]>
              </value>
            </param>
            <param index="20">
              <value>
                <![CDATA[]]>
              </value>
            </param>
            <param index="21">
              <value>
                <![CDATA[]]>
              </value>
            </param>
            <param index="22">
              <value>
                <![CDATA[]]>
              </value>
            </param>
            <param index="23">
              <value>
                <![CDATA[]]>
              </value>
            </param>
            <param index="24">
              <value>
                <![CDATA[]]>
              </value>
            </param>
            <param index="25">
              <value>
                <![CDATA[]]>
              </value>
            </param>
            <param index="26">
              <value>
                <![CDATA[]]>
              </value>
            </param>
            <param index="27">
              <value>
                <![CDATA[]]>
              </value>
            </param>
            <param index="28">
              <value>
                <![CDATA[]]>
              </value>
            </param>
            <param index="29">
              <value>
                <![CDATA[]]>
              </value>
            </param>
            <param index="30">
              <value>
                <![CDATA[]]>
              </value>
            </param>
            <param index="31">
              <value>
                <![CDATA[]]>
              </value>
            </param>
            <param index="32">
              <value>
                <![CDATA[]]>
              </value>
            </param>
            <param index="33">
              <value>
                <![CDATA[]]>
              </value>
            </param>
            <param index="34">
              <value>
                <![CDATA[]]>
              </value>
            </param>
            <param index="35">
              <value>
                <![CDATA[]]>
              </value>
            </param>
            <param index="36">
              <value>
                <![CDATA[]]>
              </value>
            </param>
            <param index="37">
              <value>
                <![CDATA[]]>
              </value>
            </param>
            <param index="38">
              <value>
                <![CDATA[]]>
              </value>
            </param>
            <param index="39">
              <value>
                <![CDATA[]]>
              </value>
            </param>
            <param index="40">
              <value>
                <![CDATA[]]>
              </value>
            </param>
            <param index="41">
              <value>
                <![CDATA[]]>
              </value>
            </param>
          </params>
          <reporter-output>
            <line>
              <![CDATA[STEP7]]>
            </line>
          </reporter-output>
        </test-method> <!-- EndUser_SurveyResponse -->
        <test-method status="PASS" signature="ResponseValidation(java.lang.String, java.lang.String, java.lang.String, java.lang.String, java.lang.String, java.lang.String, java.lang.String, java.lang.String, java.lang.String, java.lang.String, java.lang.String, java.lang.String, java.lang.String, java.lang.String, java.lang.String, java.lang.String, java.lang.String, java.lang.String, java.lang.String, java.lang.String, java.lang.String, java.lang.String, java.lang.String, java.lang.String, java.lang.String, java.lang.String, java.lang.String, java.lang.String, java.lang.String, java.lang.String, java.lang.String, java.lang.String, java.lang.String, java.lang.String, java.lang.String, java.lang.String, java.lang.String, java.lang.String, java.lang.String, java.lang.String, java.lang.String, java.lang.String)[pri:8, instance:BatchExecution_Digi.Hybrid@6500df86]" name="ResponseValidation" duration-ms="135" started-at="2018-02-20T15:47:49Z" data-provider="custData8" finished-at="2018-02-20T15:47:49Z">
          <params>
            <param index="0">
              <value>
                <![CDATA[N]]>
              </value>
            </param>
            <param index="1">
              <value>
                <![CDATA[Response Validation]]>
              </value>
            </param>
            <param index="2">
              <value>
                <![CDATA[Login_TD10]]>
              </value>
            </param>
            <param index="3">
              <value>
                <![CDATA[]]>
              </value>
            </param>
            <param index="4">
              <value>
                <![CDATA[]]>
              </value>
            </param>
            <param index="5">
              <value>
                <![CDATA[]]>
              </value>
            </param>
            <param index="6">
              <value>
                <![CDATA[]]>
              </value>
            </param>
            <param index="7">
              <value>
                <![CDATA[Response_005]]>
              </value>
            </param>
            <param index="8">
              <value>
                <![CDATA[]]>
              </value>
            </param>
            <param index="9">
              <value>
                <![CDATA[]]>
              </value>
            </param>
            <param index="10">
              <value>
                <![CDATA[]]>
              </value>
            </param>
            <param index="11">
              <value>
                <![CDATA[]]>
              </value>
            </param>
            <param index="12">
              <value>
                <![CDATA[Logout]]>
              </value>
            </param>
            <param index="13">
              <value>
                <![CDATA[]]>
              </value>
            </param>
            <param index="14">
              <value>
                <![CDATA[]]>
              </value>
            </param>
            <param index="15">
              <value>
                <![CDATA[]]>
              </value>
            </param>
            <param index="16">
              <value>
                <![CDATA[]]>
              </value>
            </param>
            <param index="17">
              <value>
                <![CDATA[]]>
              </value>
            </param>
            <param index="18">
              <value>
                <![CDATA[]]>
              </value>
            </param>
            <param index="19">
              <value>
                <![CDATA[]]>
              </value>
            </param>
            <param index="20">
              <value>
                <![CDATA[]]>
              </value>
            </param>
            <param index="21">
              <value>
                <![CDATA[]]>
              </value>
            </param>
            <param index="22">
              <value>
                <![CDATA[]]>
              </value>
            </param>
            <param index="23">
              <value>
                <![CDATA[]]>
              </value>
            </param>
            <param index="24">
              <value>
                <![CDATA[]]>
              </value>
            </param>
            <param index="25">
              <value>
                <![CDATA[]]>
              </value>
            </param>
            <param index="26">
              <value>
                <![CDATA[]]>
              </value>
            </param>
            <param index="27">
              <value>
                <![CDATA[]]>
              </value>
            </param>
            <param index="28">
              <value>
                <![CDATA[]]>
              </value>
            </param>
            <param index="29">
              <value>
                <![CDATA[]]>
              </value>
            </param>
            <param index="30">
              <value>
                <![CDATA[]]>
              </value>
            </param>
            <param index="31">
              <value>
                <![CDATA[]]>
              </value>
            </param>
            <param index="32">
              <value>
                <![CDATA[]]>
              </value>
            </param>
            <param index="33">
              <value>
                <![CDATA[]]>
              </value>
            </param>
            <param index="34">
              <value>
                <![CDATA[]]>
              </value>
            </param>
            <param index="35">
              <value>
                <![CDATA[]]>
              </value>
            </param>
            <param index="36">
              <value>
                <![CDATA[]]>
              </value>
            </param>
            <param index="37">
              <value>
                <![CDATA[]]>
              </value>
            </param>
            <param index="38">
              <value>
                <![CDATA[]]>
              </value>
            </param>
            <param index="39">
              <value>
                <![CDATA[]]>
              </value>
            </param>
            <param index="40">
              <value>
                <![CDATA[]]>
              </value>
            </param>
            <param index="41">
              <value>
                <![CDATA[]]>
              </value>
            </param>
          </params>
          <reporter-output>
            <line>
              <![CDATA[STEP8]]>
            </line>
          </reporter-output>
        </test-method> <!-- ResponseValidation -->
        <test-method status="PASS" signature="createQuiz(java.lang.String, java.lang.String, java.lang.String, java.lang.String, java.lang.String, java.lang.String, java.lang.String, java.lang.String, java.lang.String, java.lang.String, java.lang.String, java.lang.String, java.lang.String, java.lang.String, java.lang.String, java.lang.String, java.lang.String, java.lang.String, java.lang.String, java.lang.String, java.lang.String, java.lang.String, java.lang.String, java.lang.String, java.lang.String, java.lang.String, java.lang.String, java.lang.String, java.lang.String, java.lang.String, java.lang.String, java.lang.String, java.lang.String, java.lang.String, java.lang.String, java.lang.String, java.lang.String, java.lang.String, java.lang.String, java.lang.String, java.lang.String, java.lang.String)[pri:9, instance:BatchExecution_Digi.Hybrid@6500df86]" name="createQuiz" duration-ms="137" started-at="2018-02-20T15:47:49Z" data-provider="custData9" finished-at="2018-02-20T15:47:49Z">
          <params>
            <param index="0">
              <value>
                <![CDATA[N]]>
              </value>
            </param>
            <param index="1">
              <value>
                <![CDATA[CreateQuiz]]>
              </value>
            </param>
            <param index="2">
              <value>
                <![CDATA[Login_TD15]]>
              </value>
            </param>
            <param index="3">
              <value>
                <![CDATA[]]>
              </value>
            </param>
            <param index="4">
              <value>
                <![CDATA[]]>
              </value>
            </param>
            <param index="5">
              <value>
                <![CDATA[]]>
              </value>
            </param>
            <param index="6">
              <value>
                <![CDATA[]]>
              </value>
            </param>
            <param index="7">
              <value>
                <![CDATA[]]>
              </value>
            </param>
            <param index="8">
              <value>
                <![CDATA[]]>
              </value>
            </param>
            <param index="9">
              <value>
                <![CDATA[Quiz_005]]>
              </value>
            </param>
            <param index="10">
              <value>
                <![CDATA[]]>
              </value>
            </param>
            <param index="11">
              <value>
                <![CDATA[]]>
              </value>
            </param>
            <param index="12">
              <value>
                <![CDATA[Logout]]>
              </value>
            </param>
            <param index="13">
              <value>
                <![CDATA[]]>
              </value>
            </param>
            <param index="14">
              <value>
                <![CDATA[]]>
              </value>
            </param>
            <param index="15">
              <value>
                <![CDATA[]]>
              </value>
            </param>
            <param index="16">
              <value>
                <![CDATA[]]>
              </value>
            </param>
            <param index="17">
              <value>
                <![CDATA[]]>
              </value>
            </param>
            <param index="18">
              <value>
                <![CDATA[]]>
              </value>
            </param>
            <param index="19">
              <value>
                <![CDATA[]]>
              </value>
            </param>
            <param index="20">
              <value>
                <![CDATA[]]>
              </value>
            </param>
            <param index="21">
              <value>
                <![CDATA[]]>
              </value>
            </param>
            <param index="22">
              <value>
                <![CDATA[]]>
              </value>
            </param>
            <param index="23">
              <value>
                <![CDATA[]]>
              </value>
            </param>
            <param index="24">
              <value>
                <![CDATA[]]>
              </value>
            </param>
            <param index="25">
              <value>
                <![CDATA[]]>
              </value>
            </param>
            <param index="26">
              <value>
                <![CDATA[]]>
              </value>
            </param>
            <param index="27">
              <value>
                <![CDATA[]]>
              </value>
            </param>
            <param index="28">
              <value>
                <![CDATA[]]>
              </value>
            </param>
            <param index="29">
              <value>
                <![CDATA[]]>
              </value>
            </param>
            <param index="30">
              <value>
                <![CDATA[]]>
              </value>
            </param>
            <param index="31">
              <value>
                <![CDATA[]]>
              </value>
            </param>
            <param index="32">
              <value>
                <![CDATA[]]>
              </value>
            </param>
            <param index="33">
              <value>
                <![CDATA[]]>
              </value>
            </param>
            <param index="34">
              <value>
                <![CDATA[]]>
              </value>
            </param>
            <param index="35">
              <value>
                <![CDATA[]]>
              </value>
            </param>
            <param index="36">
              <value>
                <![CDATA[]]>
              </value>
            </param>
            <param index="37">
              <value>
                <![CDATA[]]>
              </value>
            </param>
            <param index="38">
              <value>
                <![CDATA[]]>
              </value>
            </param>
            <param index="39">
              <value>
                <![CDATA[]]>
              </value>
            </param>
            <param index="40">
              <value>
                <![CDATA[]]>
              </value>
            </param>
            <param index="41">
              <value>
                <![CDATA[]]>
              </value>
            </param>
          </params>
          <reporter-output>
            <line>
              <![CDATA[STEP9]]>
            </line>
          </reporter-output>
        </test-method> <!-- createQuiz -->
        <test-method status="PASS" signature="publishCreatedQuiz(java.lang.String, java.lang.String, java.lang.String, java.lang.String, java.lang.String, java.lang.String, java.lang.String, java.lang.String, java.lang.String, java.lang.String, java.lang.String, java.lang.String, java.lang.String, java.lang.String, java.lang.String, java.lang.String, java.lang.String, java.lang.String, java.lang.String, java.lang.String, java.lang.String, java.lang.String, java.lang.String, java.lang.String, java.lang.String, java.lang.String, java.lang.String, java.lang.String, java.lang.String, java.lang.String, java.lang.String, java.lang.String, java.lang.String, java.lang.String, java.lang.String, java.lang.String, java.lang.String, java.lang.String, java.lang.String, java.lang.String, java.lang.String, java.lang.String)[pri:10, instance:BatchExecution_Digi.Hybrid@6500df86]" name="publishCreatedQuiz" duration-ms="116" started-at="2018-02-20T15:47:49Z" data-provider="custData10" finished-at="2018-02-20T15:47:49Z">
          <params>
            <param index="0">
              <value>
                <![CDATA[N]]>
              </value>
            </param>
            <param index="1">
              <value>
                <![CDATA[Publish Quiz]]>
              </value>
            </param>
            <param index="2">
              <value>
                <![CDATA[Login_TD15]]>
              </value>
            </param>
            <param index="3">
              <value>
                <![CDATA[]]>
              </value>
            </param>
            <param index="4">
              <value>
                <![CDATA[]]>
              </value>
            </param>
            <param index="5">
              <value>
                <![CDATA[]]>
              </value>
            </param>
            <param index="6">
              <value>
                <![CDATA[]]>
              </value>
            </param>
            <param index="7">
              <value>
                <![CDATA[]]>
              </value>
            </param>
            <param index="8">
              <value>
                <![CDATA[]]>
              </value>
            </param>
            <param index="9">
              <value>
                <![CDATA[]]>
              </value>
            </param>
            <param index="10">
              <value>
                <![CDATA[Publish_Quiz005]]>
              </value>
            </param>
            <param index="11">
              <value>
                <![CDATA[]]>
              </value>
            </param>
            <param index="12">
              <value>
                <![CDATA[Logout]]>
              </value>
            </param>
            <param index="13">
              <value>
                <![CDATA[]]>
              </value>
            </param>
            <param index="14">
              <value>
                <![CDATA[]]>
              </value>
            </param>
            <param index="15">
              <value>
                <![CDATA[]]>
              </value>
            </param>
            <param index="16">
              <value>
                <![CDATA[]]>
              </value>
            </param>
            <param index="17">
              <value>
                <![CDATA[]]>
              </value>
            </param>
            <param index="18">
              <value>
                <![CDATA[]]>
              </value>
            </param>
            <param index="19">
              <value>
                <![CDATA[]]>
              </value>
            </param>
            <param index="20">
              <value>
                <![CDATA[]]>
              </value>
            </param>
            <param index="21">
              <value>
                <![CDATA[]]>
              </value>
            </param>
            <param index="22">
              <value>
                <![CDATA[]]>
              </value>
            </param>
            <param index="23">
              <value>
                <![CDATA[]]>
              </value>
            </param>
            <param index="24">
              <value>
                <![CDATA[]]>
              </value>
            </param>
            <param index="25">
              <value>
                <![CDATA[]]>
              </value>
            </param>
            <param index="26">
              <value>
                <![CDATA[]]>
              </value>
            </param>
            <param index="27">
              <value>
                <![CDATA[]]>
              </value>
            </param>
            <param index="28">
              <value>
                <![CDATA[]]>
              </value>
            </param>
            <param index="29">
              <value>
                <![CDATA[]]>
              </value>
            </param>
            <param index="30">
              <value>
                <![CDATA[]]>
              </value>
            </param>
            <param index="31">
              <value>
                <![CDATA[]]>
              </value>
            </param>
            <param index="32">
              <value>
                <![CDATA[]]>
              </value>
            </param>
            <param index="33">
              <value>
                <![CDATA[]]>
              </value>
            </param>
            <param index="34">
              <value>
                <![CDATA[]]>
              </value>
            </param>
            <param index="35">
              <value>
                <![CDATA[]]>
              </value>
            </param>
            <param index="36">
              <value>
                <![CDATA[]]>
              </value>
            </param>
            <param index="37">
              <value>
                <![CDATA[]]>
              </value>
            </param>
            <param index="38">
              <value>
                <![CDATA[]]>
              </value>
            </param>
            <param index="39">
              <value>
                <![CDATA[]]>
              </value>
            </param>
            <param index="40">
              <value>
                <![CDATA[]]>
              </value>
            </param>
            <param index="41">
              <value>
                <![CDATA[]]>
              </value>
            </param>
          </params>
          <reporter-output>
            <line>
              <![CDATA[STEP10]]>
            </line>
          </reporter-output>
        </test-method> <!-- publishCreatedQuiz -->
        <test-method status="PASS" signature="UpdateQuiz(java.lang.String, java.lang.String, java.lang.String, java.lang.String, java.lang.String, java.lang.String, java.lang.String, java.lang.String, java.lang.String, java.lang.String, java.lang.String, java.lang.String, java.lang.String, java.lang.String, java.lang.String, java.lang.String, java.lang.String, java.lang.String, java.lang.String, java.lang.String, java.lang.String, java.lang.String, java.lang.String, java.lang.String, java.lang.String, java.lang.String, java.lang.String, java.lang.String, java.lang.String, java.lang.String, java.lang.String, java.lang.String, java.lang.String, java.lang.String, java.lang.String, java.lang.String, java.lang.String, java.lang.String, java.lang.String, java.lang.String, java.lang.String, java.lang.String)[pri:11, instance:BatchExecution_Digi.Hybrid@6500df86]" name="UpdateQuiz" duration-ms="144" started-at="2018-02-20T15:47:50Z" data-provider="custData11" finished-at="2018-02-20T15:47:50Z">
          <params>
            <param index="0">
              <value>
                <![CDATA[N]]>
              </value>
            </param>
            <param index="1">
              <value>
                <![CDATA[Edit And Update Quiz]]>
              </value>
            </param>
            <param index="2">
              <value>
                <![CDATA[Login_TD15]]>
              </value>
            </param>
            <param index="3">
              <value>
                <![CDATA[]]>
              </value>
            </param>
            <param index="4">
              <value>
                <![CDATA[]]>
              </value>
            </param>
            <param index="5">
              <value>
                <![CDATA[]]>
              </value>
            </param>
            <param index="6">
              <value>
                <![CDATA[]]>
              </value>
            </param>
            <param index="7">
              <value>
                <![CDATA[]]>
              </value>
            </param>
            <param index="8">
              <value>
                <![CDATA[]]>
              </value>
            </param>
            <param index="9">
              <value>
                <![CDATA[]]>
              </value>
            </param>
            <param index="10">
              <value>
                <![CDATA[]]>
              </value>
            </param>
            <param index="11">
              <value>
                <![CDATA[Ed_UpdQui006]]>
              </value>
            </param>
            <param index="12">
              <value>
                <![CDATA[Logout]]>
              </value>
            </param>
            <param index="13">
              <value>
                <![CDATA[]]>
              </value>
            </param>
            <param index="14">
              <value>
                <![CDATA[]]>
              </value>
            </param>
            <param index="15">
              <value>
                <![CDATA[]]>
              </value>
            </param>
            <param index="16">
              <value>
                <![CDATA[]]>
              </value>
            </param>
            <param index="17">
              <value>
                <![CDATA[]]>
              </value>
            </param>
            <param index="18">
              <value>
                <![CDATA[]]>
              </value>
            </param>
            <param index="19">
              <value>
                <![CDATA[]]>
              </value>
            </param>
            <param index="20">
              <value>
                <![CDATA[]]>
              </value>
            </param>
            <param index="21">
              <value>
                <![CDATA[]]>
              </value>
            </param>
            <param index="22">
              <value>
                <![CDATA[]]>
              </value>
            </param>
            <param index="23">
              <value>
                <![CDATA[]]>
              </value>
            </param>
            <param index="24">
              <value>
                <![CDATA[]]>
              </value>
            </param>
            <param index="25">
              <value>
                <![CDATA[]]>
              </value>
            </param>
            <param index="26">
              <value>
                <![CDATA[]]>
              </value>
            </param>
            <param index="27">
              <value>
                <![CDATA[]]>
              </value>
            </param>
            <param index="28">
              <value>
                <![CDATA[]]>
              </value>
            </param>
            <param index="29">
              <value>
                <![CDATA[]]>
              </value>
            </param>
            <param index="30">
              <value>
                <![CDATA[]]>
              </value>
            </param>
            <param index="31">
              <value>
                <![CDATA[]]>
              </value>
            </param>
            <param index="32">
              <value>
                <![CDATA[]]>
              </value>
            </param>
            <param index="33">
              <value>
                <![CDATA[]]>
              </value>
            </param>
            <param index="34">
              <value>
                <![CDATA[]]>
              </value>
            </param>
            <param index="35">
              <value>
                <![CDATA[]]>
              </value>
            </param>
            <param index="36">
              <value>
                <![CDATA[]]>
              </value>
            </param>
            <param index="37">
              <value>
                <![CDATA[]]>
              </value>
            </param>
            <param index="38">
              <value>
                <![CDATA[]]>
              </value>
            </param>
            <param index="39">
              <value>
                <![CDATA[]]>
              </value>
            </param>
            <param index="40">
              <value>
                <![CDATA[]]>
              </value>
            </param>
            <param index="41">
              <value>
                <![CDATA[]]>
              </value>
            </param>
          </params>
          <reporter-output>
            <line>
              <![CDATA[STEP11]]>
            </line>
          </reporter-output>
        </test-method> <!-- UpdateQuiz -->
        <test-method status="PASS" signature="shareQuizEndUserResponse(java.lang.String, java.lang.String, java.lang.String, java.lang.String, java.lang.String, java.lang.String, java.lang.String, java.lang.String, java.lang.String, java.lang.String, java.lang.String, java.lang.String, java.lang.String, java.lang.String, java.lang.String, java.lang.String, java.lang.String, java.lang.String, java.lang.String, java.lang.String, java.lang.String, java.lang.String, java.lang.String, java.lang.String, java.lang.String, java.lang.String, java.lang.String, java.lang.String, java.lang.String, java.lang.String, java.lang.String, java.lang.String, java.lang.String, java.lang.String, java.lang.String, java.lang.String, java.lang.String, java.lang.String, java.lang.String, java.lang.String, java.lang.String, java.lang.String)[pri:12, instance:BatchExecution_Digi.Hybrid@6500df86]" name="shareQuizEndUserResponse" duration-ms="119" started-at="2018-02-20T15:47:50Z" data-provider="custData12" finished-at="2018-02-20T15:47:50Z">
          <params>
            <param index="0">
              <value>
                <![CDATA[N]]>
              </value>
            </param>
            <param index="1">
              <value>
                <![CDATA[Company Sharing a Quiz ,Answered By End-User]]>
              </value>
            </param>
            <param index="2">
              <value>
                <![CDATA[Login_TD15]]>
              </value>
            </param>
            <param index="3">
              <value>
                <![CDATA[]]>
              </value>
            </param>
            <param index="4">
              <value>
                <![CDATA[]]>
              </value>
            </param>
            <param index="5">
              <value>
                <![CDATA[]]>
              </value>
            </param>
            <param index="6">
              <value>
                <![CDATA[]]>
              </value>
            </param>
            <param index="7">
              <value>
                <![CDATA[]]>
              </value>
            </param>
            <param index="8">
              <value>
                <![CDATA[]]>
              </value>
            </param>
            <param index="9">
              <value>
                <![CDATA[]]>
              </value>
            </param>
            <param index="10">
              <value>
                <![CDATA[]]>
              </value>
            </param>
            <param index="11">
              <value>
                <![CDATA[]]>
              </value>
            </param>
            <param index="12">
              <value>
                <![CDATA[Logout]]>
              </value>
            </param>
            <param index="13">
              <value>
                <![CDATA[]]>
              </value>
            </param>
            <param index="14">
              <value>
                <![CDATA[]]>
              </value>
            </param>
            <param index="15">
              <value>
                <![CDATA[]]>
              </value>
            </param>
            <param index="16">
              <value>
                <![CDATA[]]>
              </value>
            </param>
            <param index="17">
              <value>
                <![CDATA[]]>
              </value>
            </param>
            <param index="18">
              <value>
                <![CDATA[]]>
              </value>
            </param>
            <param index="19">
              <value>
                <![CDATA[]]>
              </value>
            </param>
            <param index="20">
              <value>
                <![CDATA[share_quiz001]]>
              </value>
            </param>
            <param index="21">
              <value>
                <![CDATA[EndUser_quiz001]]>
              </value>
            </param>
            <param index="22">
              <value>
                <![CDATA[]]>
              </value>
            </param>
            <param index="23">
              <value>
                <![CDATA[]]>
              </value>
            </param>
            <param index="24">
              <value>
                <![CDATA[]]>
              </value>
            </param>
            <param index="25">
              <value>
                <![CDATA[]]>
              </value>
            </param>
            <param index="26">
              <value>
                <![CDATA[]]>
              </value>
            </param>
            <param index="27">
              <value>
                <![CDATA[]]>
              </value>
            </param>
            <param index="28">
              <value>
                <![CDATA[]]>
              </value>
            </param>
            <param index="29">
              <value>
                <![CDATA[]]>
              </value>
            </param>
            <param index="30">
              <value>
                <![CDATA[]]>
              </value>
            </param>
            <param index="31">
              <value>
                <![CDATA[]]>
              </value>
            </param>
            <param index="32">
              <value>
                <![CDATA[]]>
              </value>
            </param>
            <param index="33">
              <value>
                <![CDATA[]]>
              </value>
            </param>
            <param index="34">
              <value>
                <![CDATA[]]>
              </value>
            </param>
            <param index="35">
              <value>
                <![CDATA[]]>
              </value>
            </param>
            <param index="36">
              <value>
                <![CDATA[]]>
              </value>
            </param>
            <param index="37">
              <value>
                <![CDATA[]]>
              </value>
            </param>
            <param index="38">
              <value>
                <![CDATA[]]>
              </value>
            </param>
            <param index="39">
              <value>
                <![CDATA[]]>
              </value>
            </param>
            <param index="40">
              <value>
                <![CDATA[]]>
              </value>
            </param>
            <param index="41">
              <value>
                <![CDATA[]]>
              </value>
            </param>
          </params>
          <reporter-output>
            <line>
              <![CDATA[STEP12]]>
            </line>
          </reporter-output>
        </test-method> <!-- shareQuizEndUserResponse -->
        <test-method status="PASS" signature="QuizResponseValidation(java.lang.String, java.lang.String, java.lang.String, java.lang.String, java.lang.String, java.lang.String, java.lang.String, java.lang.String, java.lang.String, java.lang.String, java.lang.String, java.lang.String, java.lang.String, java.lang.String, java.lang.String, java.lang.String, java.lang.String, java.lang.String, java.lang.String, java.lang.String, java.lang.String, java.lang.String, java.lang.String, java.lang.String, java.lang.String, java.lang.String, java.lang.String, java.lang.String, java.lang.String, java.lang.String, java.lang.String, java.lang.String, java.lang.String, java.lang.String, java.lang.String, java.lang.String, java.lang.String, java.lang.String, java.lang.String, java.lang.String, java.lang.String, java.lang.String)[pri:13, instance:BatchExecution_Digi.Hybrid@6500df86]" name="QuizResponseValidation" duration-ms="126" started-at="2018-02-20T15:47:50Z" data-provider="custData13" finished-at="2018-02-20T15:47:50Z">
          <params>
            <param index="0">
              <value>
                <![CDATA[N]]>
              </value>
            </param>
            <param index="1">
              <value>
                <![CDATA[View The Response of Quiz]]>
              </value>
            </param>
            <param index="2">
              <value>
                <![CDATA[Login_TD15]]>
              </value>
            </param>
            <param index="3">
              <value>
                <![CDATA[]]>
              </value>
            </param>
            <param index="4">
              <value>
                <![CDATA[]]>
              </value>
            </param>
            <param index="5">
              <value>
                <![CDATA[]]>
              </value>
            </param>
            <param index="6">
              <value>
                <![CDATA[]]>
              </value>
            </param>
            <param index="7">
              <value>
                <![CDATA[]]>
              </value>
            </param>
            <param index="8">
              <value>
                <![CDATA[]]>
              </value>
            </param>
            <param index="9">
              <value>
                <![CDATA[]]>
              </value>
            </param>
            <param index="10">
              <value>
                <![CDATA[]]>
              </value>
            </param>
            <param index="11">
              <value>
                <![CDATA[]]>
              </value>
            </param>
            <param index="12">
              <value>
                <![CDATA[Logout]]>
              </value>
            </param>
            <param index="13">
              <value>
                <![CDATA[]]>
              </value>
            </param>
            <param index="14">
              <value>
                <![CDATA[]]>
              </value>
            </param>
            <param index="15">
              <value>
                <![CDATA[]]>
              </value>
            </param>
            <param index="16">
              <value>
                <![CDATA[]]>
              </value>
            </param>
            <param index="17">
              <value>
                <![CDATA[]]>
              </value>
            </param>
            <param index="18">
              <value>
                <![CDATA[]]>
              </value>
            </param>
            <param index="19">
              <value>
                <![CDATA[]]>
              </value>
            </param>
            <param index="20">
              <value>
                <![CDATA[]]>
              </value>
            </param>
            <param index="21">
              <value>
                <![CDATA[]]>
              </value>
            </param>
            <param index="22">
              <value>
                <![CDATA[]]>
              </value>
            </param>
            <param index="23">
              <value>
                <![CDATA[]]>
              </value>
            </param>
            <param index="24">
              <value>
                <![CDATA[QR_001]]>
              </value>
            </param>
            <param index="25">
              <value>
                <![CDATA[]]>
              </value>
            </param>
            <param index="26">
              <value>
                <![CDATA[]]>
              </value>
            </param>
            <param index="27">
              <value>
                <![CDATA[]]>
[...]
                <![CDATA[Register As Individual, share Refer link with Company And Individuals]]>
              </value>
            </param>
            <param index="2">
              <value>
                <![CDATA[]]>
              </value>
            </param>
            <param index="3">
              <value>
                <![CDATA[]]>
              </value>
            </param>
            <param index="4">
              <value>
                <![CDATA[]]>
              </value>
            </param>
            <param index="5">
              <value>
                <![CDATA[]]>
              </value>
            </param>
            <param index="6">
              <value>
                <![CDATA[]]>
              </value>
            </param>
            <param index="7">
              <value>
                <![CDATA[]]>
              </value>
            </param>
            <param index="8">
              <value>
                <![CDATA[]]>
              </value>
            </param>
            <param index="9">
              <value>
                <![CDATA[]]>
              </value>
            </param>
            <param index="10">
              <value>
                <![CDATA[]]>
              </value>
            </param>
            <param index="11">
              <value>
                <![CDATA[]]>
              </value>
            </param>
            <param index="12">
              <value>
                <![CDATA[]]>
              </value>
            </param>
            <param index="13">
              <value>
                <![CDATA[Indiv_Reg006]]>
              </value>
            </param>
            <param index="14">
              <value>
                <![CDATA[]]>
              </value>
            </param>
            <param index="15">
              <value>
                <![CDATA[]]>
              </value>
            </param>
            <param index="16">
              <value>
                <![CDATA[]]>
              </value>
            </param>
            <param index="17">
              <value>
                <![CDATA[]]>
              </value>
            </param>
            <param index="18">
              <value>
                <![CDATA[]]>
              </value>
            </param>
            <param index="19">
              <value>
                <![CDATA[]]>
              </value>
            </param>
            <param index="20">
              <value>
                <![CDATA[]]>
              </value>
            </param>
            <param index="21">
              <value>
                <![CDATA[]]>
              </value>
            </param>
            <param index="22">
              <value>
                <![CDATA[]]>
              </value>
            </param>
            <param index="23">
              <value>
                <![CDATA[]]>
              </value>
            </param>
            <param index="24">
              <value>
                <![CDATA[]]>
              </value>
            </param>
            <param index="25">
              <value>
                <![CDATA[RF_00a]]>
              </value>
            </param>
            <param index="26">
              <value>
                <![CDATA[]]>
              </value>
            </param>
            <param index="27">
              <value>
                <![CDATA[]]>
              </value>
            </param>
            <param index="28">
              <value>
                <![CDATA[]]>
              </value>
            </param>
            <param index="29">
              <value>
                <![CDATA[]]>
              </value>
            </param>
            <param index="30">
              <value>
                <![CDATA[]]>
              </value>
            </param>
            <param index="31">
              <value>
                <![CDATA[]]>
              </value>
            </param>
            <param index="32">
              <value>
                <![CDATA[]]>
              </value>
            </param>
            <param index="33">
              <value>
                <![CDATA[]]>
              </value>
            </param>
            <param index="34">
              <value>
                <![CDATA[]]>
              </value>
            </param>
            <param index="35">
              <value>
                <![CDATA[]]>
              </value>
            </param>
            <param index="36">
              <value>
                <![CDATA[]]>
              </value>
            </param>
            <param index="37">
              <value>
                <![CDATA[]]>
              </value>
            </param>
            <param index="38">
              <value>
                <![CDATA[]]>
              </value>
            </param>
            <param index="39">
              <value>
                <![CDATA[]]>
              </value>
            </param>
            <param index="40">
              <value>
                <![CDATA[]]>
              </value>
            </param>
            <param index="41">
              <value>
                <![CDATA[]]>
              </value>
            </param>
          </params>
          <reporter-output>
          </reporter-output>
        </test-method> <!-- registerAsIndividual_ReferFriends -->
        <test-method status="PASS" signature="registerAsCompany_ReferFriends(java.lang.String, java.lang.String, java.lang.String, java.lang.String, java.lang.String, java.lang.String, java.lang.String, java.lang.String, java.lang.String, java.lang.String, java.lang.String, java.lang.String, java.lang.String, java.lang.String, java.lang.String, java.lang.String, java.lang.String, java.lang.String, java.lang.String, java.lang.String, java.lang.String, java.lang.String, java.lang.String, java.lang.String, java.lang.String, java.lang.String, java.lang.String, java.lang.String, java.lang.String, java.lang.String, java.lang.String, java.lang.String, java.lang.String, java.lang.String, java.lang.String, java.lang.String, java.lang.String, java.lang.String, java.lang.String, java.lang.String, java.lang.String, java.lang.String)[pri:40, instance:BatchExecution_Digi.Hybrid@6500df86]" name="registerAsCompany_ReferFriends" duration-ms="110" started-at="2018-02-20T15:47:56Z" data-provider="custData39" finished-at="2018-02-20T15:47:56Z">
          <params>
            <param index="0">
              <value>
                <![CDATA[N]]>
              </value>
            </param>
            <param index="1">
              <value>
                <![CDATA[Register As Company, share Refer link with Company And Individuals]]>
              </value>
            </param>
            <param index="2">
              <value>
                <![CDATA[]]>
              </value>
            </param>
            <param index="3">
              <value>
                <![CDATA[]]>
              </value>
            </param>
            <param index="4">
              <value>
                <![CDATA[]]>
              </value>
            </param>
            <param index="5">
              <value>
                <![CDATA[]]>
              </value>
            </param>
            <param index="6">
              <value>
                <![CDATA[]]>
              </value>
            </param>
            <param index="7">
              <value>
                <![CDATA[]]>
              </value>
            </param>
            <param index="8">
              <value>
                <![CDATA[]]>
              </value>
            </param>
            <param index="9">
              <value>
                <![CDATA[]]>
              </value>
            </param>
            <param index="10">
              <value>
                <![CDATA[]]>
              </value>
            </param>
            <param index="11">
              <value>
                <![CDATA[]]>
              </value>
            </param>
            <param index="12">
              <value>
                <![CDATA[]]>
              </value>
            </param>
            <param index="13">
              <value>
                <![CDATA[]]>
              </value>
            </param>
            <param index="14">
              <value>
                <![CDATA[Org_Reg006_1]]>
              </value>
            </param>
            <param index="15">
              <value>
                <![CDATA[]]>
              </value>
            </param>
            <param index="16">
              <value>
                <![CDATA[]]>
              </value>
            </param>
            <param index="17">
              <value>
                <![CDATA[]]>
              </value>
            </param>
            <param index="18">
              <value>
                <![CDATA[]]>
              </value>
            </param>
            <param index="19">
              <value>
                <![CDATA[]]>
              </value>
            </param>
            <param index="20">
              <value>
                <![CDATA[]]>
              </value>
            </param>
            <param index="21">
              <value>
                <![CDATA[]]>
              </value>
            </param>
            <param index="22">
              <value>
                <![CDATA[]]>
              </value>
            </param>
            <param index="23">
              <value>
                <![CDATA[]]>
              </value>
            </param>
            <param index="24">
              <value>
                <![CDATA[]]>
              </value>
            </param>
            <param index="25">
              <value>
                <![CDATA[RF_00b]]>
              </value>
            </param>
            <param index="26">
              <value>
                <![CDATA[]]>
              </value>
            </param>
            <param index="27">
              <value>
                <![CDATA[]]>
              </value>
            </param>
            <param index="28">
              <value>
                <![CDATA[]]>
              </value>
            </param>
            <param index="29">
              <value>
                <![CDATA[]]>
              </value>
            </param>
            <param index="30">
              <value>
                <![CDATA[]]>
              </value>
            </param>
            <param index="31">
              <value>
                <![CDATA[]]>
              </value>
            </param>
            <param index="32">
              <value>
                <![CDATA[]]>
              </value>
            </param>
            <param index="33">
              <value>
                <![CDATA[]]>
              </value>
            </param>
            <param index="34">
              <value>
                <![CDATA[]]>
              </value>
            </param>
            <param index="35">
              <value>
                <![CDATA[]]>
              </value>
            </param>
            <param index="36">
              <value>
                <![CDATA[]]>
              </value>
            </param>
            <param index="37">
              <value>
                <![CDATA[]]>
              </value>
            </param>
            <param index="38">
              <value>
                <![CDATA[]]>
              </value>
            </param>
            <param index="39">
              <value>
                <![CDATA[]]>
              </value>
            </param>
            <param index="40">
              <value>
                <![CDATA[]]>
              </value>
            </param>
            <param index="41">
              <value>
                <![CDATA[]]>
              </value>
            </param>
          </params>
          <reporter-output>
          </reporter-output>
        </test-method> <!-- registerAsCompany_ReferFriends -->
        <test-method status="PASS" signature="Login_Logout(java.lang.String, java.lang.String, java.lang.String, java.lang.String, java.lang.String, java.lang.String, java.lang.String, java.lang.String, java.lang.String, java.lang.String, java.lang.String, java.lang.String, java.lang.String, java.lang.String, java.lang.String, java.lang.String, java.lang.String, java.lang.String, java.lang.String, java.lang.String, java.lang.String, java.lang.String, java.lang.String, java.lang.String, java.lang.String, java.lang.String, java.lang.String, java.lang.String, java.lang.String, java.lang.String, java.lang.String, java.lang.String, java.lang.String, java.lang.String, java.lang.String, java.lang.String, java.lang.String, java.lang.String, java.lang.String, java.lang.String, java.lang.String, java.lang.String)[pri:41, instance:BatchExecution_Digi.Hybrid@6500df86]" name="Login_Logout" duration-ms="90118" started-at="2018-02-20T15:47:56Z" data-provider="custData40" finished-at="2018-02-20T15:49:26Z">
          <params>
            <param index="0">
              <value>
                <![CDATA[Y]]>
              </value>
            </param>
            <param index="1">
              <value>
                <![CDATA[Login and logout]]>
              </value>
            </param>
            <param index="2">
              <value>
                <![CDATA[SamplLogin]]>
              </value>
            </param>
            <param index="3">
              <value>
                <![CDATA[]]>
              </value>
            </param>
            <param index="4">
              <value>
                <![CDATA[]]>
              </value>
            </param>
            <param index="5">
              <value>
                <![CDATA[]]>
              </value>
            </param>
            <param index="6">
              <value>
                <![CDATA[]]>
              </value>
            </param>
            <param index="7">
              <value>
                <![CDATA[]]>
              </value>
            </param>
            <param index="8">
              <value>
                <![CDATA[]]>
              </value>
            </param>
            <param index="9">
              <value>
                <![CDATA[]]>
              </value>
            </param>
            <param index="10">
              <value>
                <![CDATA[]]>
              </value>
            </param>
            <param index="11">
              <value>
                <![CDATA[]]>
              </value>
            </param>
            <param index="12">
              <value>
                <![CDATA[Logout]]>
              </value>
            </param>
            <param index="13">
              <value>
                <![CDATA[]]>
              </value>
            </param>
            <param index="14">
              <value>
                <![CDATA[]]>
              </value>
            </param>
            <param index="15">
              <value>
                <![CDATA[]]>
              </value>
            </param>
            <param index="16">
              <value>
                <![CDATA[]]>
              </value>
            </param>
            <param index="17">
              <value>
                <![CDATA[]]>
              </value>
            </param>
            <param index="18">
              <value>
                <![CDATA[]]>
              </value>
            </param>
            <param index="19">
              <value>
                <![CDATA[]]>
              </value>
            </param>
            <param index="20">
              <value>
                <![CDATA[]]>
              </value>
            </param>
            <param index="21">
              <value>
                <![CDATA[]]>
              </value>
            </param>
            <param index="22">
              <value>
                <![CDATA[]]>
              </value>
            </param>
            <param index="23">
              <value>
                <![CDATA[]]>
              </value>
            </param>
            <param index="24">
              <value>
                <![CDATA[]]>
              </value>
            </param>
            <param index="25">
              <value>
                <![CDATA[]]>
              </value>
            </param>
            <param index="26">
              <value>
                <![CDATA[]]>
              </value>
            </param>
            <param index="27">
              <value>
                <![CDATA[]]>
              </value>
            </param>
            <param index="28">
              <value>
                <![CDATA[]]>
              </value>
            </param>
            <param index="29">
              <value>
                <![CDATA[]]>
              </value>
            </param>
            <param index="30">
              <value>
                <![CDATA[]]>
              </value>
            </param>
            <param index="31">
              <value>
                <![CDATA[]]>
              </value>
            </param>
            <param index="32">
              <value>
                <![CDATA[]]>
              </value>
            </param>
            <param index="33">
              <value>
                <![CDATA[]]>
              </value>
            </param>
            <param index="34">
              <value>
                <![CDATA[]]>
              </value>
            </param>
            <param index="35">
              <value>
                <![CDATA[]]>
              </value>
            </param>
            <param index="36">
              <value>
                <![CDATA[]]>
              </value>
            </param>
            <param index="37">
              <value>
                <![CDATA[]]>
              </value>
            </param>
            <param index="38">
              <value>
                <![CDATA[]]>
              </value>
            </param>
            <param index="39">
              <value>
                <![CDATA[]]>
              </value>
            </param>
            <param index="40">
              <value>
                <![CDATA[]]>
              </value>
            </param>
            <param index="41">
              <value>
                <![CDATA[]]>
              </value>
            </param>
          </params>
          <reporter-output>
            <line>
              <![CDATA[STEP30]]>
            </line>
            <line>
              <![CDATA[STEP31]]>
            </line>
            <line>
              <![CDATA[STEP32]]>
            </line>
            <line>
              <![CDATA[STEP33]]>
            </line>
            <line>
              <![CDATA[STEP34]]>
            </line>
            <line>
              <![CDATA[STEP35]]>
            </line>
            <line>
              <![CDATA[STEP36]]>
            </line>
            <line>
              <![CDATA[STEP37]]>
            </line>
            <line>
              <![CDATA[STEP38]]>
            </line>
            <line>
              <![CDATA[STEP39]]>
            </line>
            <line>
              <![CDATA[STEP40]]>
            </line>
            <line>
              <![CDATA[STEP41]]>
            </line>
            <line>
              <![CDATA[STEP42]]>
            </line>
            <line>
              <![CDATA[STEP43]]>
            </line>
            <line>
              <![CDATA[STEP44]]>
            </line>
            <line>
              <![CDATA[STEP45]]>
            </line>
          </reporter-output>
        </test-method> <!-- Login_Logout -->
        <test-method status="PASS" signature="teardown()[pri:0, instance:BatchExecution_Digi.Hybrid@6500df86]" name="teardown" is-config="true" duration-ms="617" started-at="2018-02-20T15:49:26Z" finished-at="2018-02-20T15:49:27Z">
          <reporter-output>
          </reporter-output>
        </test-method> <!-- teardown -->
      </class> <!-- BatchExecution_Digi.Hybrid -->
    </test> <!-- Default test -->
  </suite> <!-- Default suite -->
</testng-results>
